Generated at 2016-07-18 21:25:22 +0000
Chef::Exceptions::CookbookNotFound: Cookbook hellowrold not found. If you're loading hellowrold from another cookbook, make sure you configure the dependency in your metadata
/usr/lib/ruby/vendor_ruby/chef/cookbook/cookbook_collection.rb:38:in `block in initialize'
/usr/lib/ruby/vendor_ruby/ohai/mash.rb:77:in `yield'
/usr/lib/ruby/vendor_ruby/ohai/mash.rb:77:in `default'
/usr/lib/ruby/vendor_ruby/ohai/mash.rb:77:in `default'
/usr/lib/ruby/vendor_ruby/chef/run_context/cookbook_compiler.rb:265:in `[]'
/usr/lib/ruby/vendor_ruby/chef/run_context/cookbook_compiler.rb:265:in `each_cookbook_dep'
/usr/lib/ruby/vendor_ruby/chef/run_context/cookbook_compiler.rb:243:in `add_cookbook_with_deps'
/usr/lib/ruby/vendor_ruby/chef/run_context/cookbook_compiler.rb:87:in `block in cookbook_order'
/usr/lib/ruby/vendor_ruby/chef/run_context/cookbook_compiler.rb:85:in `each'
/usr/lib/ruby/vendor_ruby/chef/run_context/cookbook_compiler.rb:85:in `cookbook_order'
/usr/lib/ruby/vendor_ruby/chef/run_context/cookbook_compiler.rb:97:in `compile_libraries'
/usr/lib/ruby/vendor_ruby/chef/run_context/cookbook_compiler.rb:70:in `compile'
/usr/lib/ruby/vendor_ruby/chef/run_context.rb:86:in `load'
/usr/lib/ruby/vendor_ruby/chef/client.rb:250:in `setup_run_context'
/usr/lib/ruby/vendor_ruby/chef/client.rb:498:in `do_run'
/usr/lib/ruby/vendor_ruby/chef/client.rb:199:in `block in run'
/usr/lib/ruby/vendor_ruby/chef/client.rb:193:in `fork'
/usr/lib/ruby/vendor_ruby/chef/client.rb:193:in `run'
/usr/lib/ruby/vendor_ruby/chef/application.rb:208:in `run_chef_client'
/usr/lib/ruby/vendor_ruby/chef/application/solo.rb:221:in `block in run_application'
/usr/lib/ruby/vendor_ruby/chef/application/solo.rb:213:in `loop'
/usr/lib/ruby/vendor_ruby/chef/application/solo.rb:213:in `run_application'
/usr/lib/ruby/vendor_ruby/chef/application.rb:66:in `run'
/usr/bin/chef-solo:24:in `<main>'